  Day 07.c
D:\VS\code\2025_01\Project1\Project1\Day 07.c(16,9): warning C4477: “printf”: 格式字符串“%d”需要类型“int”的参数，但可变参数 1 拥有了类型“size_t”
      D:\VS\code\2025_01\Project1\Project1\Day 07.c(16,9):
      请考虑在格式字符串中使用“%zd”
  
D:\VS\code\2025_01\Project1\Project1\Day 07.c(17,9): warning C4477: “printf”: 格式字符串“%d”需要类型“int”的参数，但可变参数 1 拥有了类型“size_t”
      D:\VS\code\2025_01\Project1\Project1\Day 07.c(17,9):
      请考虑在格式字符串中使用“%zd”
  
D:\VS\code\2025_01\Project1\Project1\Day 07.c(18,9): warning C4477: “printf”: 格式字符串“%d”需要类型“int”的参数，但可变参数 1 拥有了类型“size_t”
      D:\VS\code\2025_01\Project1\Project1\Day 07.c(18,9):
      请考虑在格式字符串中使用“%zd”
  
D:\VS\code\2025_01\Project1\Project1\Day 07.c(19,9): warning C4477: “printf”: 格式字符串“%d”需要类型“int”的参数，但可变参数 1 拥有了类型“size_t”
      D:\VS\code\2025_01\Project1\Project1\Day 07.c(19,9):
      请考虑在格式字符串中使用“%zd”
  
D:\VS\code\2025_01\Project1\Project1\Day 07.c(20,9): warning C4477: “printf”: 格式字符串“%d”需要类型“int”的参数，但可变参数 1 拥有了类型“size_t”
      D:\VS\code\2025_01\Project1\Project1\Day 07.c(20,9):
      请考虑在格式字符串中使用“%zd”
  
D:\VS\code\2025_01\Project1\Project1\Day 07.c(21,9): warning C4477: “printf”: 格式字符串“%d”需要类型“int”的参数，但可变参数 1 拥有了类型“size_t”
      D:\VS\code\2025_01\Project1\Project1\Day 07.c(21,9):
      请考虑在格式字符串中使用“%zd”
  
D:\VS\code\2025_01\Project1\Project1\Day 07.c(22,9): warning C4477: “printf”: 格式字符串“%d”需要类型“int”的参数，但可变参数 1 拥有了类型“size_t”
      D:\VS\code\2025_01\Project1\Project1\Day 07.c(22,9):
      请考虑在格式字符串中使用“%zd”
  
  Project1.vcxproj -> D:\VS\code\2025_01\Project1\x64\Debug\Project1.exe
